<?xml version="1.0" encoding="UTF-8"?>
<!-- Generated by org.testng.reporters.JUnitXMLReporter -->
<testsuite ignored="2" hostname="DESKTOP-QLFSHB3" failures="0" tests="2" name="Suite" time="13.474" errors="0" timestamp="2022-11-30T08:57:34 IST">
  <testcase classname="com.genericlib.demoblaze.Base" name="@BeforeMethod configBM" time="0.001">
    <failure type="java.lang.NullPointerException" message="Cannot invoke &amp;quot;org.openqa.selenium.WebDriver.findElement(org.openqa.selenium.By)&amp;quot; because &amp;quot;this.driver&amp;quot; is null">
      <![CDATA[java.lang.NullPointerException: Cannot invoke "org.openqa.selenium.WebDriver.findElement(org.openqa.selenium.By)" because "this.driver" is null
at com.genericlib.demoblaze.Base.configBM(Base.java:45)
at java.base/java.util.ArrayList.forEach(ArrayList.java:1511)
... Removed 31 stack frames]]>
    </failure>
  </testcase> <!-- @BeforeMethod configBM -->
  <testcase classname="com.genericlib.demoblaze.Base" name="@AfterMethod configAM" time="0.0">
    <skipped/>
  </testcase> <!-- @AfterMethod configAM -->
  <testcase classname="com.testsripts.demoblaze.AddToCart" name="addToCartTest" time="5.183"/>
  <testcase classname="com.testsripts.demoblaze.DeleteProductFromCart" name="deleteProductFromCartTest" time="0.001">
    <skipped/>
  </testcase> <!-- deleteProductFromCartTest -->
  <testcase classname="com.genericlib.demoblaze.Base" name="@AfterSuite configAS" time="0.0">
    <ignored/>
  </testcase> <!-- @AfterSuite configAS -->
  <testcase classname="com.genericlib.demoblaze.Base" name="@BeforeSuite configBS" time="0.0">
    <ignored/>
  </testcase> <!-- @BeforeSuite configBS -->
</testsuite> <!-- Suite -->
