<?xml version="1.0" encoding="UTF-8"?>
<!-- Generated by org.testng.reporters.JUnitXMLReporter -->
<testsuite ignored="2" hostname="DESKTOP-QLFSHB3" failures="0" tests="2" name="Test" time="63.119" errors="0" timestamp="2022-12-07T09:36:36 IST">
  <testcase classname="com.testsripts.demoblaze.AddToCart" name="addToCartTest" time="5.917"/>
  <testcase classname="com.testsripts.demoblaze.DeleteProductFromCart" name="deleteProductFromCartTest" time="25.138"/>
  <testcase classname="com.genericlib.demoblaze.Base" name="@BeforeTest configBS" time="0.0">
    <ignored/>
  </testcase> <!-- @BeforeTest configBS -->
  <testcase classname="com.genericlib.demoblaze.Base" name="@AfterTest configAS" time="0.0">
    <ignored/>
  </testcase> <!-- @AfterTest configAS -->
</testsuite> <!-- Test -->
