<?xml version="1.0" encoding="UTF-8"?>
<testng-results ignored="2" total="4" passed="2" failed="0" skipped="0">
  <reporter-output>
    <line>
      <![CDATA[Launched the browser]]>
    </line>
    <line>
      <![CDATA[Logged in to the app]]>
    </line>
    <line>
      <![CDATA[Added to cart]]>
    </line>
    <line>
      <![CDATA[Logged out from the app]]>
    </line>
    <line>
      <![CDATA[Logged in to the app]]>
    </line>
    <line>
      <![CDATA[DeletedNexus 6 from cart]]>
    </line>
    <line>
      <![CDATA[Logged out from the app]]>
    </line>
    <line>
      <![CDATA[Closed the browser]]>
    </line>
  </reporter-output>
  <suite started-at="2022-12-07T09:35:32 IST" name="Suite" finished-at="2022-12-07T09:36:36 IST" duration-ms="63119">
    <groups>
      <group name="regression">
        <method signature="DeleteProductFromCart.deleteProductFromCartTest()[pri:0, instance:com.testsripts.demoblaze.DeleteProductFromCart@16eb3ea3]" name="deleteProductFromCartTest" class="com.testsripts.demoblaze.DeleteProductFromCart"/>
      </group> <!-- regression -->
      <group name="smoke">
        <method signature="AddToCart.addToCartTest()[pri:0, instance:com.testsripts.demoblaze.AddToCart@68c9133c]" name="addToCartTest" class="com.testsripts.demoblaze.AddToCart"/>
      </group> <!-- smoke -->
    </groups>
    <test started-at="2022-12-07T09:35:32 IST" name="Test" finished-at="2022-12-07T09:36:36 IST" duration-ms="63119">
      <class name="com.testsripts.demoblaze.AddToCart">
        <test-method is-config="true" signature="configBS()[pri:0, instance:com.testsripts.demoblaze.AddToCart@68c9133c]" started-at="2022-12-07T09:35:32 IST" name="configBS" finished-at="2022-12-07T09:35:45 IST" duration-ms="12664" status="PASS">
          <reporter-output>
            <line>
              <![CDATA[Launched the browser]]>
            </line>
          </reporter-output>
        </test-method> <!-- configBS -->
        <test-method is-config="true" signature="configBM()[pri:0, instance:com.testsripts.demoblaze.AddToCart@68c9133c]" started-at="2022-12-07T09:35:45 IST" name="configBM" finished-at="2022-12-07T09:35:53 IST" duration-ms="7966" status="PASS">
          <reporter-output>
            <line>
              <![CDATA[Logged in to the app]]>
            </line>
          </reporter-output>
        </test-method> <!-- configBM -->
        <test-method signature="addToCartTest()[pri:0, instance:com.testsripts.demoblaze.AddToCart@68c9133c]" started-at="2022-12-07T09:35:53 IST" name="addToCartTest" finished-at="2022-12-07T09:35:59 IST" duration-ms="5917" status="PASS">
          <reporter-output>
            <line>
              <![CDATA[Added to cart]]>
            </line>
          </reporter-output>
        </test-method> <!-- addToCartTest -->
        <test-method is-config="true" signature="configAM()[pri:0, instance:com.testsripts.demoblaze.AddToCart@68c9133c]" started-at="2022-12-07T09:35:59 IST" name="configAM" finished-at="2022-12-07T09:36:00 IST" duration-ms="1020" status="PASS">
          <reporter-output>
            <line>
              <![CDATA[Logged out from the app]]>
            </line>
          </reporter-output>
        </test-method> <!-- configAM -->
        <test-method is-config="true" signature="configAS()[pri:0, instance:com.testsripts.demoblaze.AddToCart@68c9133c]" started-at="2022-12-07T09:36:34 IST" name="configAS" finished-at="2022-12-07T09:36:36 IST" duration-ms="1290" status="PASS">
          <reporter-output>
            <line>
              <![CDATA[Closed the browser]]>
            </line>
          </reporter-output>
        </test-method> <!-- configAS -->
      </class> <!-- com.testsripts.demoblaze.AddToCart -->
      <class name="com.testsripts.demoblaze.DeleteProductFromCart">
        <test-method is-config="true" signature="configBM()[pri:0, instance:com.testsripts.demoblaze.DeleteProductFromCart@16eb3ea3]" started-at="2022-12-07T09:36:00 IST" name="configBM" finished-at="2022-12-07T09:36:08 IST" duration-ms="7761" status="PASS">
          <reporter-output>
            <line>
              <![CDATA[Logged in to the app]]>
            </line>
          </reporter-output>
        </test-method> <!-- configBM -->
        <test-method signature="deleteProductFromCartTest()[pri:0, instance:com.testsripts.demoblaze.DeleteProductFromCart@16eb3ea3]" started-at="2022-12-07T09:36:08 IST" name="deleteProductFromCartTest" finished-at="2022-12-07T09:36:33 IST" duration-ms="25138" status="PASS">
          <reporter-output>
            <line>
              <![CDATA[DeletedNexus 6 from cart]]>
            </line>
          </reporter-output>
        </test-method> <!-- deleteProductFromCartTest -->
        <test-method is-config="true" signature="configAM()[pri:0, instance:com.testsripts.demoblaze.DeleteProductFromCart@16eb3ea3]" started-at="2022-12-07T09:36:33 IST" name="configAM" finished-at="2022-12-07T09:36:34 IST" duration-ms="1237" status="PASS">
          <reporter-output>
            <line>
              <![CDATA[Logged out from the app]]>
            </line>
          </reporter-output>
        </test-method> <!-- configAM -->
      </class> <!-- com.testsripts.demoblaze.DeleteProductFromCart -->
    </test> <!-- Test -->
  </suite> <!-- Suite -->
</testng-results>
